<?xml version="1.0" encoding="UTF-8"?>
<!-- Generated by org.testng.reporters.JUnitReportReporter -->
<testsuite hostname="LTILPUN21500279" failures="0" tests="1" name="stepDefinitions.TestRunner" time="0.129" errors="1" timestamp="15 Mar 2022 06:20:39 GMT" skipped="0">
  <testcase classname="stepDefinitions.TestRunner" name="runScenario" time="0.129">
    <error message="The driver executable must exist: C:\Users\10694212\git\BL_BDD_Cucumber\BLBddProjectdrivers\chromedriver.exe" type="java.lang.IllegalStateException">
      <![CDATA[java.lang.IllegalStateException: The driver executable must exist: C:\Users\10694212\git\BL_BDD_Cucumber\BLBddProjectdrivers\chromedriver.exe
at org.openqa.selenium.internal.Require$FileStateChecker.isFile(Require.java:342)
at org.openqa.selenium.remote.service.DriverService.checkExecutable(DriverService.java:147)
at org.openqa.selenium.remote.service.DriverService.findExecutable(DriverService.java:142)
at org.openqa.selenium.chrome.ChromeDriverService.access$000(ChromeDriverService.java:38)
at org.openqa.selenium.chrome.ChromeDriverService$Builder.findDefaultExecutable(ChromeDriverService.java:231)
at org.openqa.selenium.remote.service.DriverService$Builder.build(DriverService.java:437)
at org.openqa.selenium.chrome.ChromeDriverService.createDefaultService(ChromeDriverService.java:127)
at org.openqa.selenium.chrome.ChromeDriver.<init>(ChromeDriver.java:48)
at Base.TestBase.selectBrowser(TestBase.java:63)
at stepDefinitions.BLHooks.setupUrl(BLHooks.java:69)
]]>
    </error>
  </testcase> <!-- runScenario -->
</testsuite> <!-- stepDefinitions.TestRunner -->
